<?xml version="1.0" encoding="UTF-8"?>
<!-- Generated by org.testng.reporters.JUnitReportReporter -->
<testsuite hostname="VivoBook-ASUS" failures="0" tests="1" name="tests.ThreeTest" time="7.508" errors="0" timestamp="2024-03-25T10:46:47 IST" skipped="0">
  <testcase classname="tests.ThreeTest" name="testThree" time="7.508"/>
  <system-out/>
</testsuite> <!-- tests.ThreeTest -->
