<?xml version="1.0" encoding="UTF-8"?>
<!-- Generated by org.testng.reporters.JUnitReportReporter -->
<testsuite hostname="VivoBook-ASUS" failures="0" tests="1" name="runner.Runner" time="4.721" errors="0" timestamp="2024-03-25T11:24:59 IST" skipped="0">
  <testcase classname="runner.Runner" name="runScenario" time="4.721"/>
  <system-out/>
</testsuite> <!-- runner.Runner -->
