<?xml version="1.0" encoding="UTF-8"?>
<!-- Generated by org.testng.reporters.JUnitReportReporter -->
<testsuite hostname="VivoBook-ASUS" failures="0" tests="2" name="tests.LoginTest" time="20.832" errors="0" timestamp="2024-03-25T10:46:47 IST" skipped="0">
  <testcase classname="tests.LoginTest" name="login" time="16.153"/>
  <system-out/>
  <testcase classname="tests.LoginTest" name="login" time="4.679"/>
  <system-out/>
</testsuite> <!-- tests.LoginTest -->
