<?xml version="1.0" encoding="UTF-8"?>
<!-- Generated by org.testng.reporters.JUnitReportReporter -->
<testsuite hostname="VivoBook-ASUS" failures="0" tests="1" name="tests.FourTest" time="0.005" errors="0" timestamp="2024-03-24T22:49:05 IST" skipped="0">
  <testcase classname="tests.FourTest" name="testFour" time="0.005"/>
</testsuite> <!-- tests.FourTest -->
