<?xml version="1.0" encoding="UTF-8"?>
<!-- Generated by org.testng.reporters.JUnitReportReporter -->
<testsuite hostname="VivoBook-ASUS" failures="0" tests="1" name="tests.ThreeTest" time="0.000" errors="0" timestamp="2024-03-24T22:49:05 IST" skipped="0">
  <testcase classname="tests.ThreeTest" name="testThree" time="0.000"/>
</testsuite> <!-- tests.ThreeTest -->
