<?xml version="1.0" encoding="UTF-8"?>
<!-- Generated by org.testng.reporters.JUnitReportReporter -->
<testsuite hostname="VivoBook-ASUS" failures="0" tests="2" name="tests.LoginTest" time="17.092" errors="0" timestamp="2024-03-24T22:49:05 IST" skipped="0">
  <testcase classname="tests.LoginTest" name="login" time="12.955"/>
  <testcase classname="tests.LoginTest" name="login" time="4.137"/>
</testsuite> <!-- tests.LoginTest -->
